{"timestamp": "2026-01-15T04:23:31.655792+00:00", "level": "ERROR", "logger": "celery_worker", "message": "Task app.tasks.document_tasks.process_document_background failed: name 'summary' is not defined", "module": "celery_app", "function": "task_failure_handler", "line": 342, "task_id": "fc33d35f-f0de-4145-bb32-b06728cc0358", "task_name": "app.tasks.document_tasks.process_document_background", "queue": "documents", "retries": 0, "status": "failure", "event": "task_failure", "exception_type": "NameError", "exception_message": "name 'summary' is not defined", "duration_seconds": 17.101738929748535, "asctime": "2026-01-15 04:23:31,637", "exception": {"type": "NameError", "message": "name 'summary' is not defined", "traceback": ["Traceback (most recent call last):\n", "  File \"/usr/local/lib/python3.12/site-packages/celery/app/trace.py\", line 479, in trace_task\n    R = retval = fun(*args, **kwargs)\n                 ^^^^^^^^^^^^^^^^^^^^\n", "  File \"/usr/local/lib/python3.12/site-packages/celery/app/trace.py\", line 779, in __protected_call__\n    return self.run(*args, **kwargs)\n           ^^^^^^^^^^^^^^^^^^^^^^^^^\n", "  File \"/app/app/tasks/document_tasks.py\", line 384, in process_document_background\n    \"summary\": summary,\n               ^^^^^^^\n", "NameError: name 'summary' is not defined\n"]}}
{"timestamp": "2026-01-15T04:23:31.672566+00:00", "level": "ERROR", "logger": "celery.app.trace", "message": "Task app.tasks.document_tasks.process_document_background[fc33d35f-f0de-4145-bb32-b06728cc0358] raised unexpected: NameError(\"name 'summary' is not defined\")", "module": "trace", "function": "_log_error", "line": 285, "data": {"hostname": "celery@1f2af6c280d7", "id": "fc33d35f-f0de-4145-bb32-b06728cc0358", "name": "app.tasks.document_tasks.process_document_background", "exc": "NameError(\"name 'summary' is not defined\")", "traceback": "Traceback (most recent call last):\n  File \"/usr/local/lib/python3.12/site-packages/celery/app/trace.py\", line 479, in trace_task\n    R = retval = fun(*args, **kwargs)\n                 ^^^^^^^^^^^^^^^^^^^^\n  File \"/usr/local/lib/python3.12/site-packages/celery/app/trace.py\", line 779, in __protected_call__\n    return self.run(*args, **kwargs)\n           ^^^^^^^^^^^^^^^^^^^^^^^^^\n  File \"/app/app/tasks/document_tasks.py\", line 384, in process_document_background\n    \"summary\": summary,\n               ^^^^^^^\nNameError: name 'summary' is not defined\n", "args": "(6, 1)", "kwargs": "{}", "description": "raised unexpected", "internal": false}, "asctime": "2026-01-15 04:23:31,662", "exception": {"type": "NameError", "message": "name 'summary' is not defined", "traceback": ["Traceback (most recent call last):\n", "  File \"/usr/local/lib/python3.12/site-packages/celery/app/trace.py\", line 479, in trace_task\n    R = retval = fun(*args, **kwargs)\n                 ^^^^^^^^^^^^^^^^^^^^\n", "  File \"/usr/local/lib/python3.12/site-packages/celery/app/trace.py\", line 779, in __protected_call__\n    return self.run(*args, **kwargs)\n           ^^^^^^^^^^^^^^^^^^^^^^^^^\n", "  File \"/app/app/tasks/document_tasks.py\", line 384, in process_document_background\n    \"summary\": summary,\n               ^^^^^^^\n", "NameError: name 'summary' is not defined\n"]}}
{"timestamp": "2026-01-15T04:23:31.677791+00:00", "level": "ERROR", "logger": "celery_worker", "message": "Task app.tasks.document_tasks.process_document_background completed with status failure", "module": "celery_app", "function": "task_postrun_handler", "line": 277, "task_id": "fc33d35f-f0de-4145-bb32-b06728cc0358", "task_name": "app.tasks.document_tasks.process_document_background", "queue": "documents", "status": "failure", "state": "FAILURE", "event": "task_complete", "asctime": "2026-01-15 04:23:31,674"}
